0 info it worked if it ends with ok
1 verbose cli [ 'node', '/usr/local/bin/npm', 'version', '0.2.0' ]
2 info using npm@3.3.11
3 info using node@v0.10.31
4 verbose node symlink /usr/local/bin/node
5 verbose stack Error: Version not changed
5 verbose stack     at /usr/local/lib/node_modules/npm/lib/version.js:52:49
5 verbose stack     at /usr/local/lib/node_modules/npm/node_modules/graceful-fs/graceful-fs.js:76:16
5 verbose stack     at fs.js:271:14
5 verbose stack     at /usr/local/lib/node_modules/npm/node_modules/graceful-fs/graceful-fs.js:42:10
5 verbose stack     at Object.oncomplete (fs.js:107:15)
6 verbose cwd /Users/scott/Sites/snapper
7 error Darwin 14.5.0
8 error argv "node" "/usr/local/bin/npm" "version" "0.2.0"
9 error node v0.10.31
10 error npm  v3.3.11
11 error Version not changed
12 error If you need help, you may report this error at:
12 error     <https://github.com/npm/npm/issues>
13 verbose exit [ 1, true ]
